<?xml version="1.0" encoding="UTF-8"?>
<!-- Generated by org.testng.reporters.JUnitReportReporter -->
<testsuite hostname="Dell-PC" name="AmazonTesting.AmazonTestSystem" tests="2" failures="0" timestamp="10 Jul 2015 19:28:08 GMT" time="68.397" errors="0">
  <testcase name="OrderBook" time="45.565" classname="AmazonTesting.AmazonTestSystem"/>
  <testcase name="OrderBook" time="22.832" classname="AmazonTesting.AmazonTestSystem"/>
</testsuite> <!-- AmazonTesting.AmazonTestSystem -->
