<?xml version="1.0" encoding="UTF-8"?>
<!-- Generated by org.testng.reporters.JUnitReportReporter -->
<testsuite hostname="Dell-PC" name="AmazonTesting.AmazonTestSystem" tests="4" failures="2" timestamp="13 Jun 2015 01:50:15 GMT" time="376.331" errors="0">
  <testcase name="OrderBook" time="231.330" classname="AmazonTesting.AmazonTestSystem"/>
  <testcase name="cleanUpCart" time="81.275" classname="AmazonTesting.AmazonTestSystem"/>
  <testcase name="OrderBook" time="18.525" classname="AmazonTesting.AmazonTestSystem">
    <failure type="org.openqa.selenium.WebDriverException" message="Failed to execute command vnetwork start : Failed to start virtual network _emulation
Command duration or timeout: 696 milliseconds
Build info: version: &#039;2.44.0&#039;, revision: &#039;76d78cf323ce037c5f92db6c1bba601c2ac43ad8&#039;, time: &#039;2014-10-23 13:11:40&#039;
System info: host: &#039;Dell-PC&#039;, ip: &#039;192.168.252.93&#039;, os.name: &#039;Windows 7&#039;, os.arch: &#039;amd64&#039;, os.version: &#039;6.1&#039;, java.version: &#039;1.8.0_31&#039;
Driver info: org.openqa.selenium.remote.RemoteWebDriver
Capabilities [{rotatable=true, deviceName=1DAA7935, platform=ANY, executionId=eugene.yu@ymcsolutions.com_PerfectoMobileDriver_15-06-13_01_45_01_17615, password=ymcDemo321!, webdriver.remote.sessionid=69e11dd4-0fe3-474a-9874-67fdf18cfbdd, host=partners.perfectomobile.com, locationContextEnabled=true, browserName=mobileOS, takesScreenshot=true, javascriptEnabled=true, model=Galaxy S5, reportKey=PRIVATE:PerfectoMobileDriver/PerfectoMobileDriver_15-06-13_01_45_01_17615.xml, platformName=Android, user=eugene.yu@ymcsolutions.com, cssSelectorsEnabled=true}]
Session ID: 69e11dd4-0fe3-474a-9874-67fdf18cfbdd">
      <![CDATA[org.openqa.selenium.WebDriverException: Failed to execute command vnetwork start : Failed to start virtual network _emulation
Command duration or timeout: 696 milliseconds
Build info: version: '2.44.0', revision: '76d78cf323ce037c5f92db6c1bba601c2ac43ad8', time: '2014-10-23 13:11:40'
System info: host: 'Dell-PC', ip: '192.168.252.93', os.name: 'Windows 7', os.arch: 'amd64', os.version: '6.1', java.version: '1.8.0_31'
Driver info: org.openqa.selenium.remote.RemoteWebDriver
Capabilities [{rotatable=true, deviceName=1DAA7935, platform=ANY, executionId=eugene.yu@ymcsolutions.com_PerfectoMobileDriver_15-06-13_01_45_01_17615, password=ymcDemo321!, webdriver.remote.sessionid=69e11dd4-0fe3-474a-9874-67fdf18cfbdd, host=partners.perfectomobile.com, locationContextEnabled=true, browserName=mobileOS, takesScreenshot=true, javascriptEnabled=true, model=Galaxy S5, reportKey=PRIVATE:PerfectoMobileDriver/PerfectoMobileDriver_15-06-13_01_45_01_17615.xml, platformName=Android, user=eugene.yu@ymcsolutions.com, cssSelectorsEnabled=true}]
Session ID: 69e11dd4-0fe3-474a-9874-67fdf18cfbdd
	at sun.reflect.NativeConstructorAccessorImpl.newInstance0(Native Method)
	at sun.reflect.NativeConstructorAccessorImpl.newInstance(Unknown Source)
	at sun.reflect.DelegatingConstructorAccessorImpl.newInstance(Unknown Source)
	at java.lang.reflect.Constructor.newInstance(Unknown Source)
	at org.openqa.selenium.remote.ErrorHandler.createThrowable(ErrorHandler.java:204)
	at org.openqa.selenium.remote.ErrorHandler.throwIfResponseFailed(ErrorHandler.java:156)
	at org.openqa.selenium.remote.RemoteWebDriver.execute(RemoteWebDriver.java:599)
	at org.openqa.selenium.remote.RemoteWebDriver.executeScript(RemoteWebDriver.java:508)
	at utilities.library.startNetworkVirtualization(library.java:82)
	at AmazonTesting.AmazonTestSystem.OrderBook(AmazonTestSystem.java:61)
	at sun.reflect.NativeMethodAccessorImpl.invoke0(Native Method)
	at sun.reflect.NativeMethodAccessorImpl.invoke(Unknown Source)
	at sun.reflect.DelegatingMethodAccessorImpl.invoke(Unknown Source)
	at java.lang.reflect.Method.invoke(Unknown Source)
	at org.testng.internal.MethodInvocationHelper.invokeMethod(MethodInvocationHelper.java:84)
	at org.testng.internal.Invoker.invokeMethod(Invoker.java:714)
	at org.testng.internal.Invoker.invokeTestMethod(Invoker.java:901)
	at org.testng.internal.Invoker.invokeTestMethods(Invoker.java:1231)
	at org.testng.internal.TestMethodWorker.invokeTestMethods(TestMethodWorker.java:127)
	at org.testng.internal.TestMethodWorker.run(TestMethodWorker.java:111)
	at org.testng.TestRunner.privateRun(TestRunner.java:767)
	at org.testng.TestRunner.run(TestRunner.java:617)
	at org.testng.SuiteRunner.runTest(SuiteRunner.java:348)
	at org.testng.SuiteRunner.access$000(SuiteRunner.java:38)
	at org.testng.SuiteRunner$SuiteWorker.run(SuiteRunner.java:382)
	at org.testng.internal.thread.ThreadUtil$2.call(ThreadUtil.java:64)
	at java.util.concurrent.FutureTask.run(Unknown Source)
	at java.util.concurrent.ThreadPoolExecutor.runWorker(Unknown Source)
	at java.util.concurrent.ThreadPoolExecutor$Worker.run(Unknown Source)
	at java.lang.Thread.run(Unknown Source)
Caused by: org.openqa.selenium.remote.ScreenshotException: Screen shot has been taken
Build info: version: '2.44.0', revision: '76d78cf323ce037c5f92db6c1bba601c2ac43ad8', time: '2014-10-23 13:11:40'
System info: host: 'Dell-PC', ip: '192.168.252.93', os.name: 'Windows 7', os.arch: 'amd64', os.version: '6.1', java.version: '1.8.0_31'
Driver info: driver.version: RemoteWebDriver
	at org.openqa.selenium.remote.ErrorHandler.throwIfResponseFailed(ErrorHandler.java:136)
	... 24 more
Caused by: com.perfectomobile.httpclient.HttpClientException: Failed to execute command vnetwork start : Failed to start virtual network _emulation
	at com.perfectomobile.selenium.MobileEntity.processCommonResponse(MobileEntity.java:95)
	at com.perfectomobile.selenium.MobileDevice.processResponse(MobileDevice.java:519)
	at com.perfectomobile.selenium.MobileEntity.executeDataCommand(MobileEntity.java:72)
	at com.perfectomobile.selenium.MobileEntity.executeDataCommand(MobileEntity.java:64)
	at com.perfectomobile.selenium.MobileDevice.executeGenericCommand(MobileDevice.java:596)
	at com.perfectomobile.selenium.MobileDevice.executeGenericCommand(MobileDevice.java:84)
	at com.perfectomobile.selenium.server.PerfectoMobileDriver.executeGenericCommand(PerfectoMobileDriver.java:327)
	at com.perfectomobile.selenium.server.PerfectoMobileDriver.executeGenericCommand(PerfectoMobileDriver.java:310)
	at com.perfectomobile.selenium.server.PerfectoMobileDriver.executeScript(PerfectoMobileDriver.java:290)
	at sun.reflect.GeneratedMethodAccessor5446.invoke(Unknown Source)
	at sun.reflect.DelegatingMethodAccessorImpl.invoke(DelegatingMethodAccessorImpl.java:43)
	at java.lang.reflect.Method.invoke(Method.java:606)
	at org.openqa.selenium.support.events.EventFiringWebDriver$2.invoke(EventFiringWebDriver.java:101)
	at com.sun.proxy.$Proxy220.executeScript(Unknown Source)
	at org.openqa.selenium.support.events.EventFiringWebDriver.executeScript(EventFiringWebDriver.java:213)
	at org.openqa.selenium.remote.server.handler.ExecuteScript.call(ExecuteScript.java:53)
	at java.util.concurrent.FutureTask.run(FutureTask.java:262)
	at org.openqa.selenium.remote.server.DefaultSession$1.run(DefaultSession.java:168)
	at java.util.concurrent.ThreadPoolExecutor.runWorker(ThreadPoolExecutor.java:1145)
	at java.util.concurrent.ThreadPoolExecutor$Worker.run(ThreadPoolExecutor.java:615)
	at java.lang.Thread.run(Thread.java:744)
]]>
    </failure>
  </testcase> <!-- OrderBook -->
  <testcase name="cleanUpCart" time="45.201" classname="AmazonTesting.AmazonTestSystem">
    <failure type="org.openqa.selenium.WebDriverException" message="Failed to execute command browser goto : browser-url command failed. Reason: handset server: cannot launch application.
Command duration or timeout: 12.55 seconds
Build info: version: &#039;2.44.0&#039;, revision: &#039;76d78cf323ce037c5f92db6c1bba601c2ac43ad8&#039;, time: &#039;2014-10-23 13:11:40&#039;
System info: host: &#039;Dell-PC&#039;, ip: &#039;192.168.252.93&#039;, os.name: &#039;Windows 7&#039;, os.arch: &#039;amd64&#039;, os.version: &#039;6.1&#039;, java.version: &#039;1.8.0_31&#039;
Driver info: org.openqa.selenium.remote.RemoteWebDriver
Capabilities [{rotatable=true, deviceName=61944835, platform=ANY, executionId=eugene.yu@ymcsolutions.com_PerfectoMobileDriver_15-06-13_01_45_18_17617, password=ymcDemo321!, webdriver.remote.sessionid=ca7d1756-be4b-4e2a-9f30-84538e3ef13e, host=partners.perfectomobile.com, locationContextEnabled=true, browserName=mobileOS, takesScreenshot=true, javascriptEnabled=true, model=Galaxy S5, reportKey=PRIVATE:PerfectoMobileDriver/PerfectoMobileDriver_15-06-13_01_45_18_17617.xml, platformName=Android, user=eugene.yu@ymcsolutions.com, cssSelectorsEnabled=true}]
Session ID: ca7d1756-be4b-4e2a-9f30-84538e3ef13e">
      <![CDATA[org.openqa.selenium.WebDriverException: Failed to execute command browser goto : browser-url command failed. Reason: handset server: cannot launch application.
Command duration or timeout: 12.55 seconds
Build info: version: '2.44.0', revision: '76d78cf323ce037c5f92db6c1bba601c2ac43ad8', time: '2014-10-23 13:11:40'
System info: host: 'Dell-PC', ip: '192.168.252.93', os.name: 'Windows 7', os.arch: 'amd64', os.version: '6.1', java.version: '1.8.0_31'
Driver info: org.openqa.selenium.remote.RemoteWebDriver
Capabilities [{rotatable=true, deviceName=61944835, platform=ANY, executionId=eugene.yu@ymcsolutions.com_PerfectoMobileDriver_15-06-13_01_45_18_17617, password=ymcDemo321!, webdriver.remote.sessionid=ca7d1756-be4b-4e2a-9f30-84538e3ef13e, host=partners.perfectomobile.com, locationContextEnabled=true, browserName=mobileOS, takesScreenshot=true, javascriptEnabled=true, model=Galaxy S5, reportKey=PRIVATE:PerfectoMobileDriver/PerfectoMobileDriver_15-06-13_01_45_18_17617.xml, platformName=Android, user=eugene.yu@ymcsolutions.com, cssSelectorsEnabled=true}]
Session ID: ca7d1756-be4b-4e2a-9f30-84538e3ef13e
	at sun.reflect.NativeConstructorAccessorImpl.newInstance0(Native Method)
	at sun.reflect.NativeConstructorAccessorImpl.newInstance(Unknown Source)
	at sun.reflect.DelegatingConstructorAccessorImpl.newInstance(Unknown Source)
	at java.lang.reflect.Constructor.newInstance(Unknown Source)
	at org.openqa.selenium.remote.ErrorHandler.createThrowable(ErrorHandler.java:204)
	at org.openqa.selenium.remote.ErrorHandler.throwIfResponseFailed(ErrorHandler.java:156)
	at org.openqa.selenium.remote.RemoteWebDriver.execute(RemoteWebDriver.java:599)
	at org.openqa.selenium.remote.RemoteWebDriver.get(RemoteWebDriver.java:304)
	at utilities.library.goToPage(library.java:313)
	at AmazonTesting.AmazonTestSystem.cleanUpCart(AmazonTestSystem.java:116)
	at sun.reflect.NativeMethodAccessorImpl.invoke0(Native Method)
	at sun.reflect.NativeMethodAccessorImpl.invoke(Unknown Source)
	at sun.reflect.DelegatingMethodAccessorImpl.invoke(Unknown Source)
	at java.lang.reflect.Method.invoke(Unknown Source)
	at org.testng.internal.MethodInvocationHelper.invokeMethod(MethodInvocationHelper.java:84)
	at org.testng.internal.Invoker.invokeMethod(Invoker.java:714)
	at org.testng.internal.Invoker.invokeTestMethod(Invoker.java:901)
	at org.testng.internal.Invoker.invokeTestMethods(Invoker.java:1231)
	at org.testng.internal.TestMethodWorker.invokeTestMethods(TestMethodWorker.java:127)
	at org.testng.internal.TestMethodWorker.run(TestMethodWorker.java:111)
	at org.testng.TestRunner.privateRun(TestRunner.java:767)
	at org.testng.TestRunner.run(TestRunner.java:617)
	at org.testng.SuiteRunner.runTest(SuiteRunner.java:348)
	at org.testng.SuiteRunner.access$000(SuiteRunner.java:38)
	at org.testng.SuiteRunner$SuiteWorker.run(SuiteRunner.java:382)
	at org.testng.internal.thread.ThreadUtil$2.call(ThreadUtil.java:64)
	at java.util.concurrent.FutureTask.run(Unknown Source)
	at java.util.concurrent.ThreadPoolExecutor.runWorker(Unknown Source)
	at java.util.concurrent.ThreadPoolExecutor$Worker.run(Unknown Source)
	at java.lang.Thread.run(Unknown Source)
Caused by: org.openqa.selenium.remote.ScreenshotException: Screen shot has been taken
Build info: version: '2.44.0', revision: '76d78cf323ce037c5f92db6c1bba601c2ac43ad8', time: '2014-10-23 13:11:40'
System info: host: 'Dell-PC', ip: '192.168.252.93', os.name: 'Windows 7', os.arch: 'amd64', os.version: '6.1', java.version: '1.8.0_31'
Driver info: driver.version: RemoteWebDriver
	at org.openqa.selenium.remote.ErrorHandler.throwIfResponseFailed(ErrorHandler.java:136)
	... 24 more
Caused by: com.perfectomobile.httpclient.HttpClientException: Failed to execute command browser goto : browser-url command failed. Reason: handset server: cannot launch application.
	at com.perfectomobile.selenium.MobileEntity.processCommonResponse(MobileEntity.java:95)
	at com.perfectomobile.selenium.MobileDevice.processResponse(MobileDevice.java:519)
	at com.perfectomobile.selenium.MobileApplication.processResponse(MobileApplication.java:52)
	at com.perfectomobile.selenium.dom.MobileDOMApplication.processResponse(MobileDOMApplication.java:455)
	at com.perfectomobile.selenium.MobileEntity.executeCommand(MobileEntity.java:60)
	at com.perfectomobile.selenium.MobileEntity.executeCommand(MobileEntity.java:52)
	at com.perfectomobile.selenium.dom.MobileDOMApplication.get(MobileDOMApplication.java:82)
	at com.perfectomobile.selenium.server.PerfectoMobileDriver.get(PerfectoMobileDriver.java:547)
	at sun.reflect.GeneratedMethodAccessor5468.invoke(Unknown Source)
	at sun.reflect.DelegatingMethodAccessorImpl.invoke(DelegatingMethodAccessorImpl.java:43)
	at java.lang.reflect.Method.invoke(Method.java:606)
	at org.openqa.selenium.support.events.EventFiringWebDriver$2.invoke(EventFiringWebDriver.java:101)
	at com.sun.proxy.$Proxy220.get(Unknown Source)
	at org.openqa.selenium.support.events.EventFiringWebDriver.get(EventFiringWebDriver.java:159)
	at org.openqa.selenium.remote.server.handler.ChangeUrl.call(ChangeUrl.java:39)
	at org.openqa.selenium.remote.server.handler.ChangeUrl.call(ChangeUrl.java:24)
	at java.util.concurrent.FutureTask.run(FutureTask.java:262)
	at org.openqa.selenium.remote.server.DefaultSession$1.run(DefaultSession.java:168)
	at java.util.concurrent.ThreadPoolExecutor.runWorker(ThreadPoolExecutor.java:1145)
	at java.util.concurrent.ThreadPoolExecutor$Worker.run(ThreadPoolExecutor.java:615)
	at java.lang.Thread.run(Thread.java:744)
]]>
    </failure>
  </testcase> <!-- cleanUpCart -->
</testsuite> <!-- AmazonTesting.AmazonTestSystem -->
