<?xml version="1.0" encoding="UTF-8"?>
<!-- Generated by org.testng.reporters.JUnitReportReporter -->
<testsuite hostname="Dell-PC" name="test.MainTestWF" tests="12" failures="0" timestamp="2 Jul 2015 13:20:37 GMT" time="718.455" errors="0">
  <testcase name="test00_wf" time="45.152" classname="test.MainTestWF"/>
  <testcase name="test00_wf" time="33.506" classname="test.MainTestWF"/>
  <testcase name="test22_wf" time="33.040" classname="test.MainTestWF"/>
  <testcase name="test00_wf" time="36.860" classname="test.MainTestWF"/>
  <testcase name="test22_wf" time="36.132" classname="test.MainTestWF"/>
  <testcase name="test11_wf" time="29.474" classname="test.MainTestWF"/>
  <testcase name="test11_wf" time="31.962" classname="test.MainTestWF"/>
  <testcase name="testTearDown" time="234.257" classname="test.MainTestWF"/>
  <testcase name="testTearDown" time="75.910" classname="test.MainTestWF"/>
  <testcase name="test11_wf" time="32.329" classname="test.MainTestWF"/>
  <testcase name="test22_wf" time="38.466" classname="test.MainTestWF"/>
  <testcase name="testTearDown" time="91.367" classname="test.MainTestWF"/>
</testsuite> <!-- test.MainTestWF -->
