<?xml version="1.0" encoding="UTF-8"?>
<!-- Generated by org.testng.reporters.JUnitReportReporter -->
<testsuite hostname="Dell-PC" name="test.RegularExpressionGroupTest" tests="4" failures="0" timestamp="28 May 2015 23:18:36 GMT" time="0.022" errors="0">
  <testcase name="testMethodOne" time="0.001" classname="test.RegularExpressionGroupTest"/>
  <testcase name="testMethodThree" time="0.001" classname="test.RegularExpressionGroupTest"/>
  <testcase name="testMethodFour" time="0.018" classname="test.RegularExpressionGroupTest"/>
  <testcase name="testMethodTwo" time="0.002" classname="test.RegularExpressionGroupTest"/>
</testsuite> <!-- test.RegularExpressionGroupTest -->
