<?xml version="1.0" encoding="UTF-8"?>
<!-- Generated by org.testng.reporters.JUnitReportReporter -->
<testsuite hostname="Dell-PC" name="test.demoWebDriverTestNGTest" tests="1" failures="0" timestamp="28 May 2015 19:21:20 GMT" time="0.006" errors="0">
  <testcase name="f" time="0.006" classname="test.demoWebDriverTestNGTest"/>
</testsuite> <!-- test.demoWebDriverTestNGTest -->
